<?xml version="1.0" encoding="UTF-8"?>
<!-- Generated by org.testng.reporters.JUnitXMLReporter -->
<testsuite ignored="0" hostname="WIN-5CG7431DRQ" failures="0" tests="3" name="ChromeTest" time="75.349" errors="0" timestamp="2024-03-01T11:18:59 IST">
  <testcase classname="Siva_test.TestScenario_3" name="@BeforeMethod setUp" time="2.161">
    <failure type="org.openqa.selenium.SessionNotCreatedException" message="Could not start a new session. Response code 500. Message: Error: No Selenium config found for browserVersion: 122.0 Input capabilities : {&amp;quot;EnableHTTP2InMartian&amp;quot;:true,&amp;quot;accessKey&amp;quot;:&amp;quot;**************************************************&amp;quot;,&amp;quot;browserName&amp;quot;:&amp;quot;chrome&amp;quot;,&amp;quot;browserVersion&amp;quot;:&amp;quot;122&amp;quot;,&amp;quot;build&amp;quot;:&amp;quot;Selenium 4&amp;quot;,&amp;quot;console&amp;quot;:&amp;quot;info&amp;quot;,&amp;quot;enableDebugLogsInMartian&amp;quot;:false,&amp;quot;enableNetworkThrottling&amp;quot;:false,&amp;quot;enableSSEInMartian&amp;quot;:false,&amp;quot;enableWSInMartian&amp;quot;:false,&amp;quot;extendedDebuging&amp;quot;:true,&amp;quot;headless&amp;quot;:false,&amp;quot;loggingPrefs&amp;quot;:{&amp;quot;browser&amp;quot;:&amp;quot;ALL&amp;quot;,&amp;quot;driver&amp;quot;:&amp;quot;ALL&amp;quot;,&amp;quot;performance&amp;quot;:&amp;quot;ALL&amp;quot;,&amp;quot;server&amp;quot;:&amp;quot;ALL&amp;quot;},&amp;quot;lt:options&amp;quot;:{&amp;quot;accessKey&amp;quot;:&amp;quot;**************************************************&amp;quot;,&amp;quot;user&amp;quot;:&amp;quot;***********&amp;quot;},&amp;quot;name&amp;quot;:&amp;quot;Siva_test.TestScenario_3&amp;quot;,&amp;quot;network&amp;quot;:true,&amp;quot;network.har&amp;quot;:true,&amp;quot;performance&amp;quot;:false,&amp;quot;platform&amp;quot;:&amp;quot;macos 10.15&amp;quot;,&amp;quot;platformName&amp;quot;:&amp;quot;macOS Catalina&amp;quot;,&amp;quot;resolution&amp;quot;:&amp;quot;1920x1080&amp;quot;,&amp;quot;selenium_version&amp;quot;:&amp;quot;4.0.0&amp;quot;,&amp;quot;tunnel&amp;quot;:false,&amp;quot;tunnelIdentifier&amp;quot;:&amp;quot;&amp;quot;,&amp;quot;user&amp;quot;:&amp;quot;***********&amp;quot;,&amp;quot;userAgent&amp;quot;:&amp;quot;selenium/4.1.0 (java windows)&amp;quot;,&amp;quot;version&amp;quot;:&amp;quot;122.0&amp;quot;,&amp;quot;video&amp;quot;:true,&amp;quot;visual&amp;quot;:true,&amp;quot;w3c&amp;quot;:true}
Build info: version: &amp;apos;4.1.0&amp;apos;, revision: &amp;apos;87802e897b&amp;apos;
System info: host: &amp;apos;WIN-5CG7431DRQ&amp;apos;, ip: &amp;apos;192.168.56.1&amp;apos;, os.name: &amp;apos;Windows 10&amp;apos;, os.arch: &amp;apos;amd64&amp;apos;, os.version: &amp;apos;10.0&amp;apos;, java.version: &amp;apos;20.0.2&amp;apos;
Driver info: org.openqa.selenium.remote.RemoteWebDriver
Command: [null, newSession {capabilities=[Capabilities {LT:Options: {accessKey: CVLrm6ctyWxpw2X8o6UvHnU95mS..., user: mullurisiva}, browserName: Chrome, browserVersion: 122, platformName: macos catalina}], desiredCapabilities=Capabilities {LT:Options: {accessKey: CVLrm6ctyWxpw2X8o6UvHnU95mS..., user: mullurisiva}, browserName: Chrome, browserVersion: 122, build: Selenium 4, console: info, name: Siva_test.TestScenario_3, network: true, platformName: macOS Catalina, selenium_version: 4.0.0, tunnel: false, visual: true}}]
Capabilities {}">
      <![CDATA[org.openqa.selenium.SessionNotCreatedException: Could not start a new session. Response code 500. Message: Error: No Selenium config found for browserVersion: 122.0 Input capabilities : {"EnableHTTP2InMartian":true,"accessKey":"**************************************************","browserName":"chrome","browserVersion":"122","build":"Selenium 4","console":"info","enableDebugLogsInMartian":false,"enableNetworkThrottling":false,"enableSSEInMartian":false,"enableWSInMartian":false,"extendedDebuging":true,"headless":false,"loggingPrefs":{"browser":"ALL","driver":"ALL","performance":"ALL","server":"ALL"},"lt:options":{"accessKey":"**************************************************","user":"***********"},"name":"Siva_test.TestScenario_3","network":true,"network.har":true,"performance":false,"platform":"macos 10.15","platformName":"macOS Catalina","resolution":"1920x1080","selenium_version":"4.0.0","tunnel":false,"tunnelIdentifier":"","user":"***********","userAgent":"selenium/4.1.0 (java windows)","version":"122.0","video":true,"visual":true,"w3c":true}
Build info: version: '4.1.0', revision: '87802e897b'
System info: host: 'WIN-5CG7431DRQ', ip: '192.168.56.1', os.name: 'Windows 10', os.arch: 'amd64', os.version: '10.0', java.version: '20.0.2'
Driver info: org.openqa.selenium.remote.RemoteWebDriver
Command: [null, newSession {capabilities=[Capabilities {LT:Options: {accessKey: CVLrm6ctyWxpw2X8o6UvHnU95mS..., user: mullurisiva}, browserName: Chrome, browserVersion: 122, platformName: macos catalina}], desiredCapabilities=Capabilities {LT:Options: {accessKey: CVLrm6ctyWxpw2X8o6UvHnU95mS..., user: mullurisiva}, browserName: Chrome, browserVersion: 122, build: Selenium 4, console: info, name: Siva_test.TestScenario_3, network: true, platformName: macOS Catalina, selenium_version: 4.0.0, tunnel: false, visual: true}}]
Capabilities {}
at org.openqa.selenium.remote.ProtocolHandshake.createSession(ProtocolHandshake.java:126)
at org.openqa.selenium.remote.ProtocolHandshake.createSession(ProtocolHandshake.java:84)
at org.openqa.selenium.remote.ProtocolHandshake.createSession(ProtocolHandshake.java:62)
at org.openqa.selenium.remote.HttpCommandExecutor.execute(HttpCommandExecutor.java:156)
at org.openqa.selenium.remote.TracedCommandExecutor.execute(TracedCommandExecutor.java:50)
at org.openqa.selenium.remote.RemoteWebDriver.execute(RemoteWebDriver.java:559)
at org.openqa.selenium.remote.RemoteWebDriver.startSession(RemoteWebDriver.java:246)
at org.openqa.selenium.remote.RemoteWebDriver.<init>(RemoteWebDriver.java:168)
at org.openqa.selenium.remote.RemoteWebDriver.<init>(RemoteWebDriver.java:146)
at Siva_test.TestScenario_3.setUp(TestScenario_3.java:52)
at java.base/java.util.ArrayList.forEach(ArrayList.java:1511)
at java.base/java.util.concurrent.FutureTask.run(FutureTask.java:317)
at java.base/java.util.concurrent.ThreadPoolExecutor.runWorker(ThreadPoolExecutor.java:1144)
at java.base/java.util.concurrent.ThreadPoolExecutor$Worker.run(ThreadPoolExecutor.java:642)
at java.base/java.lang.Thread.run(Thread.java:1623)
... Removed 20 stack frames]]>
    </failure>
  </testcase> <!-- @BeforeMethod setUp -->
  <testcase classname="Siva_test.TestScenario_3" name="@AfterMethod tearDown" time="-1.709272112034E9">
    <skipped/>
  </testcase> <!-- @AfterMethod tearDown -->
  <testcase classname="Siva_test.TestScenario_1" name="TestScenario1" time="7.276"/>
  <testcase classname="Siva_test.TestScenario_2" name="TestScenario2" time="2.53"/>
  <testcase classname="Siva_test.TestScenario_3" name="TestScenario3" time="15.92"/>
</testsuite> <!-- ChromeTest -->
