<?xml version="1.0" encoding="UTF-8"?>
<!-- Generated by org.testng.reporters.JUnitXMLReporter -->
<testsuite ignored="0" hostname="5CG7351PSV" failures="0" tests="3" name="FirefoxTest" time="67.021" errors="0" timestamp="2024-03-07T17:10:32 IST">
  <testcase classname="Poola_test.TestScenario_1" name="TestScenario1" time="3.318"/>
  <testcase classname="Poola_test.TestScenario_2" name="TestScenario2" time="1.93"/>
  <testcase classname="Poola_test.TestScenario_3" name="TestScenario3" time="9.167"/>
</testsuite> <!-- FirefoxTest -->
