<?xml version="1.0" encoding="UTF-8"?>
<!-- Generated by org.testng.reporters.JUnitXMLReporter -->
<testsuite ignored="0" hostname="3I-PC0CF95D" failures="0" tests="3" name="SafariTest" time="39.012" errors="0" timestamp="2024-02-29T17:31:14 IST">
  <testcase classname="Rama_test.TestScenario_1" name="TestScenario1" time="6.975"/>
  <testcase classname="Rama_test.TestScenario_2" name="TestScenario2" time="5.899"/>
  <testcase classname="Rama_test.TestScenario_3" name="TestScenario3" time="0.0">
    <skipped/>
  </testcase> <!-- TestScenario3 -->
</testsuite> <!-- SafariTest -->
