<?xml version="1.0" encoding="UTF-8"?>
<testng-results ignored="0" total="6" passed="6" failed="0" skipped="0">
  <reporter-output>
  </reporter-output>
  <suite started-at="2024-03-07T17:09:25 IST" name="Parallel Test Suite" finished-at="2024-03-07T17:10:32 IST" duration-ms="67021">
    <groups>
    </groups>
    <test started-at="2024-03-07T17:09:25 IST" name="ChromeTest" finished-at="2024-03-07T17:10:30 IST" duration-ms="64356">
      <class name="Poola_test.TestScenario_3">
        <test-method is-config="true" signature="setUp(java.lang.String,java.lang.String,java.lang.String)[pri:0, instance:Poola_test.TestScenario_3@3a44431a]" started-at="2024-03-07T17:10:03 IST" name="setUp" finished-at="2024-03-07T17:10:20 IST" duration-ms="16826" status="PASS">
          <params>
            <param index="0">
              <value>
                <![CDATA[chrome]]>
              </value>
            </param>
            <param index="1">
              <value>
                <![CDATA[latest]]>
              </value>
            </param>
            <param index="2">
              <value>
                <![CDATA[Windows 10]]>
              </value>
            </param>
          </params>
          <reporter-output>
          </reporter-output>
        </test-method> <!-- setUp -->
        <test-method signature="TestScenario3()[pri:0, instance:Poola_test.TestScenario_3@3a44431a]" started-at="2024-03-07T17:10:20 IST" name="TestScenario3" finished-at="2024-03-07T17:10:29 IST" duration-ms="8878" status="PASS">
          <reporter-output>
          </reporter-output>
        </test-method> <!-- TestScenario3 -->
        <test-method is-config="true" signature="tearDown()[pri:0, instance:Poola_test.TestScenario_3@3a44431a]" started-at="2024-03-07T17:10:29 IST" name="tearDown" finished-at="2024-03-07T17:10:30 IST" duration-ms="690" status="PASS">
          <reporter-output>
          </reporter-output>
        </test-method> <!-- tearDown -->
      </class> <!-- Poola_test.TestScenario_3 -->
      <class name="Poola_test.TestScenario_1">
        <test-method is-config="true" signature="setUp(java.lang.String,java.lang.String,java.lang.String)[pri:0, instance:Poola_test.TestScenario_1@32ee6fee]" started-at="2024-03-07T17:09:25 IST" name="setUp" finished-at="2024-03-07T17:09:36 IST" duration-ms="11198" status="PASS">
          <params>
            <param index="0">
              <value>
                <![CDATA[chrome]]>
              </value>
            </param>
            <param index="1">
              <value>
                <![CDATA[latest]]>
              </value>
            </param>
            <param index="2">
              <value>
                <![CDATA[Windows 10]]>
              </value>
            </param>
          </params>
          <reporter-output>
          </reporter-output>
        </test-method> <!-- setUp -->
        <test-method signature="TestScenario1()[pri:0, instance:Poola_test.TestScenario_1@32ee6fee]" started-at="2024-03-07T17:09:36 IST" name="TestScenario1" finished-at="2024-03-07T17:09:39 IST" duration-ms="2978" status="PASS">
          <reporter-output>
          </reporter-output>
        </test-method> <!-- TestScenario1 -->
        <test-method is-config="true" signature="tearDown()[pri:0, instance:Poola_test.TestScenario_1@32ee6fee]" started-at="2024-03-07T17:09:39 IST" name="tearDown" finished-at="2024-03-07T17:09:40 IST" duration-ms="699" status="PASS">
          <reporter-output>
          </reporter-output>
        </test-method> <!-- tearDown -->
      </class> <!-- Poola_test.TestScenario_1 -->
      <class name="Poola_test.TestScenario_2">
        <test-method is-config="true" signature="setUp(java.lang.String,java.lang.String,java.lang.String)[pri:0, instance:Poola_test.TestScenario_2@2ea41516]" started-at="2024-03-07T17:09:40 IST" name="setUp" finished-at="2024-03-07T17:09:58 IST" duration-ms="17872" status="PASS">
          <params>
            <param index="0">
              <value>
                <![CDATA[chrome]]>
              </value>
            </param>
            <param index="1">
              <value>
                <![CDATA[latest]]>
              </value>
            </param>
            <param index="2">
              <value>
                <![CDATA[Windows 10]]>
              </value>
            </param>
          </params>
          <reporter-output>
          </reporter-output>
        </test-method> <!-- setUp -->
        <test-method signature="TestScenario2()[pri:0, instance:Poola_test.TestScenario_2@2ea41516]" started-at="2024-03-07T17:09:58 IST" name="TestScenario2" finished-at="2024-03-07T17:10:02 IST" duration-ms="4477" status="PASS">
          <reporter-output>
          </reporter-output>
        </test-method> <!-- TestScenario2 -->
        <test-method is-config="true" signature="tearDown()[pri:0, instance:Poola_test.TestScenario_2@2ea41516]" started-at="2024-03-07T17:10:02 IST" name="tearDown" finished-at="2024-03-07T17:10:03 IST" duration-ms="689" status="PASS">
          <reporter-output>
          </reporter-output>
        </test-method> <!-- tearDown -->
      </class> <!-- Poola_test.TestScenario_2 -->
    </test> <!-- ChromeTest -->
    <test started-at="2024-03-07T17:09:25 IST" name="FirefoxTest" finished-at="2024-03-07T17:10:32 IST" duration-ms="67021">
      <class name="Poola_test.TestScenario_3">
        <test-method is-config="true" signature="setUp(java.lang.String,java.lang.String,java.lang.String)[pri:0, instance:Poola_test.TestScenario_3@783a467b]" started-at="2024-03-07T17:10:02 IST" name="setUp" finished-at="2024-03-07T17:10:22 IST" duration-ms="19671" status="PASS">
          <params>
            <param index="0">
              <value>
                <![CDATA[firefox]]>
              </value>
            </param>
            <param index="1">
              <value>
                <![CDATA[latest]]>
              </value>
            </param>
            <param index="2">
              <value>
                <![CDATA[Windows 10]]>
              </value>
            </param>
          </params>
          <reporter-output>
          </reporter-output>
        </test-method> <!-- setUp -->
        <test-method signature="TestScenario3()[pri:0, instance:Poola_test.TestScenario_3@783a467b]" started-at="2024-03-07T17:10:22 IST" name="TestScenario3" finished-at="2024-03-07T17:10:31 IST" duration-ms="9167" status="PASS">
          <reporter-output>
          </reporter-output>
        </test-method> <!-- TestScenario3 -->
        <test-method is-config="true" signature="tearDown()[pri:0, instance:Poola_test.TestScenario_3@783a467b]" started-at="2024-03-07T17:10:31 IST" name="tearDown" finished-at="2024-03-07T17:10:32 IST" duration-ms="1092" status="PASS">
          <reporter-output>
          </reporter-output>
        </test-method> <!-- tearDown -->
      </class> <!-- Poola_test.TestScenario_3 -->
      <class name="Poola_test.TestScenario_1">
        <test-method is-config="true" signature="setUp(java.lang.String,java.lang.String,java.lang.String)[pri:0, instance:Poola_test.TestScenario_1@273e7444]" started-at="2024-03-07T17:09:25 IST" name="setUp" finished-at="2024-03-07T17:09:38 IST" duration-ms="12547" status="PASS">
          <params>
            <param index="0">
              <value>
                <![CDATA[firefox]]>
              </value>
            </param>
            <param index="1">
              <value>
                <![CDATA[latest]]>
              </value>
            </param>
            <param index="2">
              <value>
                <![CDATA[Windows 10]]>
              </value>
            </param>
          </params>
          <reporter-output>
          </reporter-output>
        </test-method> <!-- setUp -->
        <test-method signature="TestScenario1()[pri:0, instance:Poola_test.TestScenario_1@273e7444]" started-at="2024-03-07T17:09:38 IST" name="TestScenario1" finished-at="2024-03-07T17:09:41 IST" duration-ms="3318" status="PASS">
          <reporter-output>
          </reporter-output>
        </test-method> <!-- TestScenario1 -->
        <test-method is-config="true" signature="tearDown()[pri:0, instance:Poola_test.TestScenario_1@273e7444]" started-at="2024-03-07T17:09:41 IST" name="tearDown" finished-at="2024-03-07T17:09:42 IST" duration-ms="1174" status="PASS">
          <reporter-output>
          </reporter-output>
        </test-method> <!-- tearDown -->
      </class> <!-- Poola_test.TestScenario_1 -->
      <class name="Poola_test.TestScenario_2">
        <test-method is-config="true" signature="setUp(java.lang.String,java.lang.String,java.lang.String)[pri:0, instance:Poola_test.TestScenario_2@7db12bb6]" started-at="2024-03-07T17:09:42 IST" name="setUp" finished-at="2024-03-07T17:09:59 IST" duration-ms="17020" status="PASS">
          <params>
            <param index="0">
              <value>
                <![CDATA[firefox]]>
              </value>
            </param>
            <param index="1">
              <value>
                <![CDATA[latest]]>
              </value>
            </param>
            <param index="2">
              <value>
                <![CDATA[Windows 10]]>
              </value>
            </param>
          </params>
          <reporter-output>
          </reporter-output>
        </test-method> <!-- setUp -->
        <test-method signature="TestScenario2()[pri:0, instance:Poola_test.TestScenario_2@7db12bb6]" started-at="2024-03-07T17:09:59 IST" name="TestScenario2" finished-at="2024-03-07T17:10:01 IST" duration-ms="1930" status="PASS">
          <reporter-output>
          </reporter-output>
        </test-method> <!-- TestScenario2 -->
        <test-method is-config="true" signature="tearDown()[pri:0, instance:Poola_test.TestScenario_2@7db12bb6]" started-at="2024-03-07T17:10:01 IST" name="tearDown" finished-at="2024-03-07T17:10:02 IST" duration-ms="1057" status="PASS">
          <reporter-output>
          </reporter-output>
        </test-method> <!-- tearDown -->
      </class> <!-- Poola_test.TestScenario_2 -->
    </test> <!-- FirefoxTest -->
  </suite> <!-- Parallel Test Suite -->
</testng-results>
